2025-03-24 19:19:25,808 [1] INFO transport_company.Program - Application started.
2025-03-24 19:19:25,959 [1] INFO transport_company.Program - Office found: Office { Id = 1, Name = Sibiu43 }
2025-03-24 19:19:25,959 [1] INFO transport_company.Program - Office found: Office { Id = 2, Name = Deva55 }
2025-03-24 19:19:25,959 [1] INFO transport_company.Program - Office found: Office { Id = 3, Name = Rasinari88 }
2025-03-24 19:19:25,959 [1] INFO transport_company.Program - Application finished execution.
2025-03-24 19:20:36,532 [1] INFO transport_company.Program - Application started.
2025-03-24 19:20:36,792 [1] ERROR transport_company.Program - An error occurred while fetching offices.
Microsoft.Data.Sqlite.SqliteException (0x80004005): SQLite Error 1: 'no such table: Office'.
   at Microsoft.Data.Sqlite.SqliteException.ThrowExceptionForRC(Int32 rc, sqlite3 db)
   at Microsoft.Data.Sqlite.SqliteCommand.PrepareAndEnumerateStatements()+MoveNext()
   at Microsoft.Data.Sqlite.SqliteCommand.GetStatements()+MoveNext()
   at Microsoft.Data.Sqlite.SqliteDataReader.NextResult()
   at Microsoft.Data.Sqlite.SqliteCommand.ExecuteReader(CommandBehavior behavior)
   at Microsoft.Data.Sqlite.SqliteCommand.ExecuteReader()
   at transport_company.repository.OfficeRepository.FindAll() in /Users/stefansandru/Documents/transport-company/transport-company/repository/OfficeRepository.cs:line 63
   at transport_company.Program.Main(String[] args) in /Users/stefansandru/Documents/transport-company/transport-company/Program.cs:line 34
2025-03-24 19:20:36,799 [1] INFO transport_company.Program - Application finished execution.
2025-03-24 19:47:47,044 [1] INFO transport_company.Program - Application started.
2025-03-24 19:47:47,250 [1] INFO transport_company.Program - Office found: Office { Id = 1, Name = Sibiu43 }
2025-03-24 19:47:47,251 [1] INFO transport_company.Program - Office found: Office { Id = 2, Name = Deva55 }
2025-03-24 19:47:47,251 [1] INFO transport_company.Program - Office found: Office { Id = 3, Name = Rasinari88 }
2025-03-24 19:47:47,251 [1] INFO transport_company.Program - Application finished execution.
2025-04-07 11:24:17,999 [1] INFO transport_company.Program - Application started.
2025-04-07 11:24:18,291 [1] INFO transport_company.Program - Office found: Office { Id = 1, Name = Sibiu43 }
2025-04-07 11:24:18,291 [1] INFO transport_company.Program - Office found: Office { Id = 2, Name = Deva55 }
2025-04-07 11:24:18,291 [1] INFO transport_company.Program - Office found: Office { Id = 3, Name = Rasinari88 }
2025-04-07 11:24:18,291 [1] INFO transport_company.Program - Application finished execution.
2025-04-07 13:15:38,326 [1] INFO transport_company.Program - Application started.
2025-04-07 13:15:38,460 [1] INFO transport_company.Program - Office found: Office { Id = 1, Name = Sibiu43 }
2025-04-07 13:15:38,460 [1] INFO transport_company.Program - Office found: Office { Id = 2, Name = Deva55 }
2025-04-07 13:15:38,460 [1] INFO transport_company.Program - Office found: Office { Id = 3, Name = Rasinari88 }
2025-04-07 13:15:38,460 [1] INFO transport_company.Program - Application finished execution.
